<?xml version="1.0" encoding="UTF-8"?>
<!-- Generated by org.testng.reporters.JUnitReportReporter -->
<testsuite hostname="WINDOWS-04O9JVO" failures="0" tests="4" name="com.homedepot.TestCases.DIYProjectTC" time="136.661" errors="0" timestamp="11 Apr 2021 00:38:12 GMT">
  <testcase classname="com.homedepot.TestCases.DIYProjectTC" name="checkProjectListNavigation" time="102.633"/>
  <testcase classname="com.homedepot.TestCases.DIYProjectTC" name="checkProjectListVisible" time="7.640"/>
  <testcase classname="com.homedepot.TestCases.DIYProjectTC" name="checkProjectListInVisible" time="10.564"/>
  <testcase classname="com.homedepot.TestCases.DIYProjectTC" name="checkProjectListContent" time="15.824"/>
</testsuite> <!-- com.homedepot.TestCases.DIYProjectTC -->
