<?xml version="1.0" encoding="UTF-8"?>
<!-- Generated by org.testng.reporters.JUnitReportReporter -->
<testsuite skipped="0" hostname="ROHINI-LNV" name="com.home.qa.testdata.HomePageTest" tests="1" failures="0" timestamp="17 Apr 2021 03:54:59 GMT" time="13.338" errors="0">
  <testcase name="HompageTitleTest" time="13.338" classname="com.home.qa.testdata.HomePageTest"/>
</testsuite> <!-- com.home.qa.testdata.HomePageTest -->
