<?xml version="1.0" encoding="UTF-8"?>
<!-- Generated by org.testng.reporters.JUnitReportReporter -->
<testsuite skipped="0" hostname="ROHINI-LNV" name="com.home.qa.testdata.BlindspageTest" tests="1" failures="0" timestamp="17 Apr 2021 03:54:59 GMT" time="10.893" errors="0">
  <testcase name="WoodblindpageTest" time="10.893" classname="com.home.qa.testdata.BlindspageTest"/>
</testsuite> <!-- com.home.qa.testdata.BlindspageTest -->
