<?xml version="1.0" encoding="UTF-8"?>
<!-- Generated by org.testng.reporters.JUnitReportReporter -->
<testsuite skipped="0" hostname="ROHINI-LNV" name="com.home.qa.testdata.HuskypageTest" tests="1" failures="0" timestamp="17 Apr 2021 03:57:44 GMT" time="14.175" errors="0">
  <testcase name="HuskypageTest" time="14.175" classname="com.home.qa.testdata.HuskypageTest"/>
</testsuite> <!-- com.home.qa.testdata.HuskypageTest -->
