<?xml version="1.0" encoding="UTF-8"?>
<!-- Generated by org.testng.reporters.JUnitReportReporter -->
<testsuite skipped="0" hostname="ROHINI-LNV" name="com.home.qa.testdata.CareerspageTest" tests="1" failures="0" timestamp="17 Apr 2021 03:54:59 GMT" time="18.217" errors="0">
  <testcase name="CareerspageTest" time="18.217" classname="com.home.qa.testdata.CareerspageTest"/>
</testsuite> <!-- com.home.qa.testdata.CareerspageTest -->
