<?xml version="1.0" encoding="UTF-8"?>
<!-- Generated by org.testng.reporters.JUnitReportReporter -->
<testsuite skipped="0" hostname="ROHINI-LNV" name="hdPallavi.TestCases.DIYProjectTC" tests="4" failures="0" timestamp="17 Apr 2021 03:54:59 GMT" time="111.340" errors="0">
  <testcase name="checkProjectListInVisible" time="6.222" classname="hdPallavi.TestCases.DIYProjectTC"/>
  <testcase name="checkProjectListContent" time="12.784" classname="hdPallavi.TestCases.DIYProjectTC"/>
  <testcase name="checkProjectListVisible" time="6.079" classname="hdPallavi.TestCases.DIYProjectTC"/>
  <testcase name="checkProjectListNavigation" time="86.255" classname="hdPallavi.TestCases.DIYProjectTC"/>
</testsuite> <!-- hdPallavi.TestCases.DIYProjectTC -->
